sort: No space left on device
sort: No space left on device
sort: No space left on device
sort: No space left on device
sort: sort: No space left on device
sort: No space left on device
sort: No space left on device
sort: No space left on device
sort: No space left on device
sort: No space left on device
sort: No space left on device
sort: No space left on device
sort: No space left on device
sort: No space left on device
sort: No space left on device
sort: No space left on device
sort: No space left on device
sort: No space left on device
sort: No space left on device
sort: No space left on device
sort: No space left on device
cat: stdout: No space left on device
Can't use an undefined value as a symbol reference at rmdup.pl line 451.
Use of uninitialized value in hash element at rmdup.pl line 95.
Use of uninitialized value in concatenation (.) or string at rmdup.pl line 95.
Use of uninitialized value in concatenation (.) or string at rmdup.pl line 95.
sort: No space left on device
sort: No space left on device
sort: No space left on device
sort: No space left on device
sort: No space left on device
sort: No space left on device
sort: No space left on device
sort: No space left on device
sort: No space left on device
sort: No space left on device
sort: No space left on device
sort: No space left on device
sort: No space left on device
sort: No space left on device
sort: No space left on device
sort: No space left on device
sort: No space left on device
sort: No space left on device
sort: No space left on device
sort: No space left on device
sort: No space left on device
sort: No space left on device
sort: No space left on device
cat: stdout: No space left on device
Use of uninitialized value in concatenation (.) or string at rmdup.pl line 191, <REFORMAT> line 7.
sort: No space left on device
sort: No space left on device
sort: No space left on device
sort: No space left on device
sort: No space left on device
sort: No space left on device
sort: No space left on device
sort: No space left on device
sort: No space left on device
sort: No space left on device
sort: No space left on device
sort: No space left on device
sort: No space left on device
sort: No space left on device
sort: No space left on device
sort: No space left on device
sort: No space left on device
sort: No space left on device
sort: No space left on device
sort: No space left on device
sort: No space left on device
sort: No space left on device
sort: No space left on device
sort: No space left on device
sort: No space left on device
sort: No space left on device
sort: No space left on device
sort: No space left on device
sort: No space left on device
sort: No space left on device
sort: No space left on device
sort: No space left on device
sort: No space left on device
cat: stdout: No space left on device
Can't use an undefined value as a symbol reference at rmdup.pl line 451.
Use of uninitialized value in hash element at rmdup.pl line 95.
Use of uninitialized value in concatenation (.) or string at rmdup.pl line 95.
Use of uninitialized value in concatenation (.) or string at rmdup.pl line 95.
sort: No space left on device
sort: No space left on device
sort: No space left on device
sort: No space left on device
sort: No space left on device
sort: No space left on device
sort: No space left on device
sort: No space left on device
sort: No space left on device
sort: No space left on device
sort: No space left on device
sort: No space left on device
sort: No space left on device
sort: No space left on device
sort: No space left on device
sort: No space left on device
sort: No space left on device
sort: No space left on device
sort: No space left on device
sort: No space left on device
sort: No space left on device
sort: No space left on device
sort: No space left on device
sort: No space left on device
sort: No space left on device
sort: No space left on device
sort: No space left on device
sort: No space left on device
sort: No space left on device
sort: No space left on device
sort: No space left on device
sort: No space left on device
sort: sort: No space left on device
cat: stdout: No space left on device
Can't exec "usearch": No such file or directory at rmdup.pl line 486.
Can't exec "usearch": No such file or directory at rmdup.pl line 486.
Use of uninitialized value in concatenation (.) or string at rmdup.pl line 264.
Use of uninitialized value in concatenation (.) or string at rmdup.pl line 264.
Use of uninitialized value in concatenation (.) or string at rmdup.pl line 264.
Use of uninitialized value in concatenation (.) or string at rmdup.pl line 264.
Use of uninitialized value in concatenation (.) or string at rmdup.pl line 264.
Use of uninitialized value in concatenation (.) or string at rmdup.pl line 264.
Use of uninitialized value in concatenation (.) or string at rmdup.pl line 264.
Use of uninitialized value in concatenation (.) or string at rmdup.pl line 264.
