[2021-02-26 12:06:59,683] multiqc                                            [DEBUG  ]  No MultiQC config found: /Users/laurelnave-powers/opt/miniconda3/lib/python3.8/site-packages/multiqc_config.yaml
[2021-02-26 12:06:59,683] multiqc                                            [DEBUG  ]  No MultiQC config found: /Users/laurelnave-powers/.multiqc_config.yaml
[2021-02-26 12:06:59,684] multiqc                                            [DEBUG  ]  No MultiQC config found: multiqc_config.yaml
[2021-02-26 12:06:59,684] multiqc                                            [DEBUG  ]  Command used: /Users/laurelnave-powers/opt/miniconda3/bin/multiqc .
[2021-02-26 12:07:01,769] multiqc                                            [DEBUG  ]  Latest MultiQC version is v1.9
[2021-02-26 12:07:01,769] multiqc                                            [INFO   ]  This is MultiQC v1.9
[2021-02-26 12:07:01,769] multiqc                                            [DEBUG  ]  Command     : /Users/laurelnave-powers/opt/miniconda3/bin/multiqc .
[2021-02-26 12:07:01,769] multiqc                                            [DEBUG  ]  Working dir : /Users/laurelnave-powers/Desktop/GitHub/Laurel-genes/analyses/fastqc
[2021-02-26 12:07:01,770] multiqc                                            [INFO   ]  Template    : default
[2021-02-26 12:07:01,770] multiqc                                            [DEBUG  ]  Running Python 3.8.5 (default, Sep  4 2020, 02:22:02)  [Clang 10.0.0 ]
[2021-02-26 12:07:01,770] multiqc                                            [INFO   ]  Searching   : /Users/laurelnave-powers/Desktop/GitHub/Laurel-genes/analyses/fastqc
[2021-02-26 12:07:01,770] multiqc                                            [DEBUG  ]  Analysing modules: custom_content, conpair, peddy, somalier, methylQA, mosdepth, phantompeakqualtools, qualimap, preseq, quast, qorts, rna_seqc, rockhopper, rsem, rseqc, busco, goleft_indexcov, disambiguate, supernova, deeptools, sargasso, verifybamid, mirtrace, happy, mirtop, homer, macs2, theta2, snpeff, gatk, htseq, bcftools, featureCounts, fgbio, dragen, dedup, damageprofiler, biobambam2, mtnucratio, picard, prokka, samblaster, samtools, sexdeterrmine, bamtools, jellyfish, vcftools, longranger, stacks, varscan2, bbmap, bismark, biscuit, hicexplorer, hicup, hicpro, salmon, kallisto, slamdunk, star, hisat2, tophat, bowtie2, bowtie1, snpsplit, kat, leehom, adapterRemoval, clipandmerge, cutadapt, flexbar, kaiju, kraken, malt, trimmomatic, sickle, skewer, sortmerna, biobloomtools, fastq_screen, afterqc, fastp, fastqc, pycoqc, minionqc, multivcfanalyzer, clusterflow, bcl2fastq, interop, ivar, flash, seqyclean
[2021-02-26 12:07:01,771] multiqc                                            [DEBUG  ]  Using temporary directory for creating report: /var/folders/5t/5ssk7wnx4fqb4y11tv3ksjtw0000gn/T/tmpv2285sfs
[2021-02-26 12:07:01,956] multiqc                                            [DEBUG  ]  File ignored by hicexplorer because it exceeded search pattern filesize limit: MICPACI_UW157426_S7_R1_fastqc.html
[2021-02-26 12:07:01,958] multiqc                                            [DEBUG  ]  File ignored by longranger/invocation because it exceeded search pattern filesize limit: MICPACI_UW157426_S7_R1_fastqc.html
[2021-02-26 12:07:01,958] multiqc                                            [DEBUG  ]  File ignored by rockhopper because it exceeded search pattern filesize limit: MICPACI_UW157426_S7_R1_fastqc.html
[2021-02-26 12:07:01,959] multiqc                                            [DEBUG  ]  File ignored by rseqc/bam_stat because it exceeded search pattern filesize limit: MICPACI_UW157426_S7_R1_fastqc.html
[2021-02-26 12:07:01,959] multiqc                                            [DEBUG  ]  File ignored by rseqc/junction_annotation because it exceeded search pattern filesize limit: MICPACI_UW157426_S7_R1_fastqc.html
[2021-02-26 12:07:01,959] multiqc                                            [DEBUG  ]  File ignored by rseqc/read_distribution because it exceeded search pattern filesize limit: MICPACI_UW157426_S7_R1_fastqc.html
[2021-02-26 12:07:01,959] multiqc                                            [DEBUG  ]  File ignored by rseqc/infer_experiment because it exceeded search pattern filesize limit: MICPACI_UW157426_S7_R1_fastqc.html
[2021-02-26 12:07:02,011] multiqc                                            [DEBUG  ]  File ignored by hicexplorer because it exceeded search pattern filesize limit: HIPPLAT_NEF95054_S2_R2_fastqc.html
[2021-02-26 12:07:02,013] multiqc                                            [DEBUG  ]  File ignored by longranger/invocation because it exceeded search pattern filesize limit: HIPPLAT_NEF95054_S2_R2_fastqc.html
[2021-02-26 12:07:02,013] multiqc                                            [DEBUG  ]  File ignored by rockhopper because it exceeded search pattern filesize limit: HIPPLAT_NEF95054_S2_R2_fastqc.html
[2021-02-26 12:07:02,013] multiqc                                            [DEBUG  ]  File ignored by rseqc/bam_stat because it exceeded search pattern filesize limit: HIPPLAT_NEF95054_S2_R2_fastqc.html
[2021-02-26 12:07:02,013] multiqc                                            [DEBUG  ]  File ignored by rseqc/junction_annotation because it exceeded search pattern filesize limit: HIPPLAT_NEF95054_S2_R2_fastqc.html
[2021-02-26 12:07:02,013] multiqc                                            [DEBUG  ]  File ignored by rseqc/read_distribution because it exceeded search pattern filesize limit: HIPPLAT_NEF95054_S2_R2_fastqc.html
[2021-02-26 12:07:02,013] multiqc                                            [DEBUG  ]  File ignored by rseqc/infer_experiment because it exceeded search pattern filesize limit: HIPPLAT_NEF95054_S2_R2_fastqc.html
[2021-02-26 12:07:02,061] multiqc                                            [DEBUG  ]  File ignored by hicexplorer because it exceeded search pattern filesize limit: HIPPLAT_NEF95054_S2_R1_fastqc.html
[2021-02-26 12:07:02,063] multiqc                                            [DEBUG  ]  File ignored by longranger/invocation because it exceeded search pattern filesize limit: HIPPLAT_NEF95054_S2_R1_fastqc.html
[2021-02-26 12:07:02,063] multiqc                                            [DEBUG  ]  File ignored by rockhopper because it exceeded search pattern filesize limit: HIPPLAT_NEF95054_S2_R1_fastqc.html
[2021-02-26 12:07:02,063] multiqc                                            [DEBUG  ]  File ignored by rseqc/bam_stat because it exceeded search pattern filesize limit: HIPPLAT_NEF95054_S2_R1_fastqc.html
[2021-02-26 12:07:02,063] multiqc                                            [DEBUG  ]  File ignored by rseqc/junction_annotation because it exceeded search pattern filesize limit: HIPPLAT_NEF95054_S2_R1_fastqc.html
[2021-02-26 12:07:02,063] multiqc                                            [DEBUG  ]  File ignored by rseqc/read_distribution because it exceeded search pattern filesize limit: HIPPLAT_NEF95054_S2_R1_fastqc.html
[2021-02-26 12:07:02,063] multiqc                                            [DEBUG  ]  File ignored by rseqc/infer_experiment because it exceeded search pattern filesize limit: HIPPLAT_NEF95054_S2_R1_fastqc.html
[2021-02-26 12:07:02,115] multiqc                                            [DEBUG  ]  File ignored by hicexplorer because it exceeded search pattern filesize limit: MICPACI_UW157426_S7_R2_fastqc.html
[2021-02-26 12:07:02,117] multiqc                                            [DEBUG  ]  File ignored by longranger/invocation because it exceeded search pattern filesize limit: MICPACI_UW157426_S7_R2_fastqc.html
[2021-02-26 12:07:02,117] multiqc                                            [DEBUG  ]  File ignored by rockhopper because it exceeded search pattern filesize limit: MICPACI_UW157426_S7_R2_fastqc.html
[2021-02-26 12:07:02,117] multiqc                                            [DEBUG  ]  File ignored by rseqc/bam_stat because it exceeded search pattern filesize limit: MICPACI_UW157426_S7_R2_fastqc.html
[2021-02-26 12:07:02,117] multiqc                                            [DEBUG  ]  File ignored by rseqc/junction_annotation because it exceeded search pattern filesize limit: MICPACI_UW157426_S7_R2_fastqc.html
[2021-02-26 12:07:02,117] multiqc                                            [DEBUG  ]  File ignored by rseqc/read_distribution because it exceeded search pattern filesize limit: MICPACI_UW157426_S7_R2_fastqc.html
[2021-02-26 12:07:02,117] multiqc                                            [DEBUG  ]  File ignored by rseqc/infer_experiment because it exceeded search pattern filesize limit: MICPACI_UW157426_S7_R2_fastqc.html
[2021-02-26 12:07:04,932] multiqc.plots.bargraph                             [DEBUG  ]  Using matplotlib version 3.2.2
[2021-02-26 12:07:04,933] multiqc.plots.linegraph                            [DEBUG  ]  Using matplotlib version 3.2.2
[2021-02-26 12:07:04,937] multiqc                                            [DEBUG  ]  No samples found: custom_content
[2021-02-26 12:07:04,944] multiqc                                            [DEBUG  ]  No samples found: conpair
[2021-02-26 12:07:04,952] multiqc                                            [DEBUG  ]  No samples found: peddy
[2021-02-26 12:07:04,958] multiqc                                            [DEBUG  ]  No samples found: somalier
[2021-02-26 12:07:04,964] multiqc                                            [DEBUG  ]  No samples found: methylQA
[2021-02-26 12:07:04,973] multiqc                                            [DEBUG  ]  No samples found: mosdepth
[2021-02-26 12:07:04,978] multiqc                                            [DEBUG  ]  No samples found: phantompeakqualtools
[2021-02-26 12:07:04,982] multiqc                                            [DEBUG  ]  No samples found: qualimap
[2021-02-26 12:07:04,987] multiqc                                            [DEBUG  ]  No samples found: preseq
[2021-02-26 12:07:04,991] multiqc                                            [DEBUG  ]  No samples found: quast
[2021-02-26 12:07:04,997] multiqc                                            [DEBUG  ]  No samples found: qorts
[2021-02-26 12:07:05,003] multiqc                                            [DEBUG  ]  No samples found: rna_seqc
[2021-02-26 12:07:05,010] multiqc                                            [DEBUG  ]  No samples found: rockhopper
[2021-02-26 12:07:05,015] multiqc                                            [DEBUG  ]  No samples found: rsem
[2021-02-26 12:07:05,028] multiqc                                            [DEBUG  ]  No samples found: rseqc
[2021-02-26 12:07:05,033] multiqc                                            [DEBUG  ]  No samples found: busco
[2021-02-26 12:07:05,038] multiqc                                            [DEBUG  ]  No samples found: goleft_indexcov
[2021-02-26 12:07:05,043] multiqc                                            [DEBUG  ]  No samples found: disambiguate
[2021-02-26 12:07:05,048] multiqc                                            [DEBUG  ]  No samples found: supernova
[2021-02-26 12:07:05,061] multiqc                                            [DEBUG  ]  No samples found: deeptools
[2021-02-26 12:07:05,065] multiqc                                            [DEBUG  ]  No samples found: sargasso
[2021-02-26 12:07:05,070] multiqc                                            [DEBUG  ]  No samples found: verifybamid
[2021-02-26 12:07:05,075] multiqc                                            [DEBUG  ]  No samples found: mirtrace
[2021-02-26 12:07:05,080] multiqc                                            [DEBUG  ]  No samples found: happy
[2021-02-26 12:07:05,085] multiqc                                            [DEBUG  ]  No samples found: mirtop
[2021-02-26 12:07:05,093] multiqc                                            [DEBUG  ]  No samples found: homer
[2021-02-26 12:07:05,097] multiqc                                            [DEBUG  ]  No samples found: macs2
[2021-02-26 12:07:05,102] multiqc                                            [DEBUG  ]  No samples found: theta2
[2021-02-26 12:07:05,107] multiqc                                            [DEBUG  ]  No samples found: snpeff
[2021-02-26 12:07:05,115] multiqc                                            [DEBUG  ]  No samples found: gatk
[2021-02-26 12:07:05,120] multiqc                                            [DEBUG  ]  No samples found: htseq
[2021-02-26 12:07:05,125] multiqc                                            [DEBUG  ]  No samples found: bcftools
[2021-02-26 12:07:05,130] multiqc                                            [DEBUG  ]  No samples found: featureCounts
[2021-02-26 12:07:05,137] multiqc                                            [DEBUG  ]  No samples found: fgbio
[2021-02-26 12:07:05,149] multiqc                                            [DEBUG  ]  No samples found: dragen
[2021-02-26 12:07:05,154] multiqc                                            [DEBUG  ]  No samples found: dedup
[2021-02-26 12:07:05,159] multiqc                                            [DEBUG  ]  No samples found: damageprofiler
[2021-02-26 12:07:05,182] multiqc                                            [DEBUG  ]  No samples found: biobambam2
[2021-02-26 12:07:05,187] multiqc                                            [DEBUG  ]  No samples found: mtnucratio
[2021-02-26 12:07:05,190] multiqc                                            [DEBUG  ]  No samples found: picard
[2021-02-26 12:07:05,194] multiqc                                            [DEBUG  ]  No samples found: prokka
[2021-02-26 12:07:05,199] multiqc                                            [DEBUG  ]  No samples found: samblaster
[2021-02-26 12:07:05,211] multiqc                                            [DEBUG  ]  No samples found: samtools
[2021-02-26 12:07:05,216] multiqc                                            [DEBUG  ]  No samples found: sexdeterrmine
[2021-02-26 12:07:05,222] multiqc                                            [DEBUG  ]  No samples found: bamtools
[2021-02-26 12:07:05,228] multiqc                                            [DEBUG  ]  No samples found: jellyfish
[2021-02-26 12:07:05,237] multiqc                                            [DEBUG  ]  No samples found: vcftools
[2021-02-26 12:07:05,242] multiqc                                            [DEBUG  ]  No samples found: longranger
[2021-02-26 12:07:05,249] multiqc                                            [DEBUG  ]  No samples found: stacks
[2021-02-26 12:07:05,254] multiqc                                            [DEBUG  ]  No samples found: varscan2
[2021-02-26 12:07:05,273] multiqc                                            [DEBUG  ]  No samples found: bbmap
[2021-02-26 12:07:05,280] multiqc                                            [DEBUG  ]  No samples found: bismark
[2021-02-26 12:07:05,286] multiqc                                            [DEBUG  ]  No samples found: biscuit
[2021-02-26 12:07:05,292] multiqc                                            [DEBUG  ]  No samples found: hicexplorer
[2021-02-26 12:07:05,297] multiqc                                            [DEBUG  ]  No samples found: hicup
[2021-02-26 12:07:05,303] multiqc                                            [DEBUG  ]  No samples found: hicpro
[2021-02-26 12:07:05,308] multiqc                                            [DEBUG  ]  No samples found: salmon
[2021-02-26 12:07:05,315] multiqc                                            [DEBUG  ]  No samples found: kallisto
[2021-02-26 12:07:05,322] multiqc                                            [DEBUG  ]  No samples found: slamdunk
[2021-02-26 12:07:05,329] multiqc                                            [DEBUG  ]  No samples found: star
[2021-02-26 12:07:05,337] multiqc                                            [DEBUG  ]  No samples found: hisat2
[2021-02-26 12:07:05,343] multiqc                                            [DEBUG  ]  No samples found: tophat
[2021-02-26 12:07:05,349] multiqc                                            [DEBUG  ]  No samples found: bowtie2
[2021-02-26 12:07:05,354] multiqc                                            [DEBUG  ]  No samples found: bowtie1
[2021-02-26 12:07:05,358] multiqc                                            [DEBUG  ]  No samples found: snpsplit
[2021-02-26 12:07:05,363] multiqc                                            [DEBUG  ]  No samples found: kat
[2021-02-26 12:07:05,368] multiqc                                            [DEBUG  ]  No samples found: leehom
[2021-02-26 12:07:05,373] multiqc                                            [DEBUG  ]  No samples found: adapterRemoval
[2021-02-26 12:07:05,378] multiqc                                            [DEBUG  ]  No samples found: clipandmerge
[2021-02-26 12:07:05,383] multiqc                                            [DEBUG  ]  No samples found: cutadapt
[2021-02-26 12:07:05,388] multiqc                                            [DEBUG  ]  No samples found: flexbar
[2021-02-26 12:07:05,394] multiqc                                            [DEBUG  ]  No samples found: kaiju
[2021-02-26 12:07:05,399] multiqc                                            [DEBUG  ]  No samples found: kraken
[2021-02-26 12:07:05,404] multiqc                                            [DEBUG  ]  No samples found: malt
[2021-02-26 12:07:05,410] multiqc                                            [DEBUG  ]  No samples found: trimmomatic
[2021-02-26 12:07:05,416] multiqc                                            [DEBUG  ]  No samples found: sickle
[2021-02-26 12:07:05,422] multiqc                                            [DEBUG  ]  No samples found: skewer
[2021-02-26 12:07:05,429] multiqc                                            [DEBUG  ]  No samples found: sortmerna
[2021-02-26 12:07:05,437] multiqc                                            [DEBUG  ]  No samples found: biobloomtools
[2021-02-26 12:07:05,443] multiqc                                            [DEBUG  ]  No samples found: fastq_screen
[2021-02-26 12:07:05,449] multiqc                                            [DEBUG  ]  No samples found: afterqc
[2021-02-26 12:07:05,455] multiqc                                            [DEBUG  ]  No samples found: fastp
[2021-02-26 12:07:05,652] multiqc.modules.fastqc.fastqc                      [INFO   ]  Found 4 reports
[2021-02-26 12:07:05,698] multiqc                                            [DEBUG  ]  No samples found: pycoqc
[2021-02-26 12:07:05,702] multiqc                                            [DEBUG  ]  No samples found: minionqc
[2021-02-26 12:07:05,706] multiqc                                            [DEBUG  ]  No samples found: multivcfanalyzer
[2021-02-26 12:07:05,710] multiqc                                            [DEBUG  ]  No samples found: clusterflow
[2021-02-26 12:07:05,714] multiqc                                            [DEBUG  ]  No samples found: bcl2fastq
[2021-02-26 12:07:05,719] multiqc                                            [DEBUG  ]  No samples found: interop
[2021-02-26 12:07:05,723] multiqc                                            [DEBUG  ]  No samples found: ivar
[2021-02-26 12:07:05,727] multiqc                                            [DEBUG  ]  No samples found: flash
[2021-02-26 12:07:05,731] multiqc                                            [DEBUG  ]  No samples found: seqyclean
[2021-02-26 12:07:05,737] multiqc                                            [INFO   ]  Compressing plot data
[2021-02-26 12:07:05,791] multiqc                                            [INFO   ]  Report      : multiqc_report.html
[2021-02-26 12:07:05,791] multiqc                                            [INFO   ]  Data        : multiqc_data
[2021-02-26 12:07:05,791] multiqc                                            [DEBUG  ]  Moving data file from '/var/folders/5t/5ssk7wnx4fqb4y11tv3ksjtw0000gn/T/tmpv2285sfs/multiqc_data' to '/Users/laurelnave-powers/Desktop/GitHub/Laurel-genes/analyses/fastqc/multiqc_data'
[2021-02-26 12:07:05,904] multiqc                                            [INFO   ]  MultiQC complete
